2018-12-23 15:50:27 - Pcap is listening...
2018-12-23 15:50:54 - Pcap stop listening
2018-12-23 15:50:54 - path:/home/adityauj/CICFlowMeter-4.0/bin/data/daily/2018-12-23_Flow.csv
2018-12-23 15:51:50 - Pcap is listening...
2018-12-26 20:40:36 - Pcap is listening...
2018-12-26 20:43:03 - Please select pcap!
2018-12-26 20:53:56 - Please select pcap!
2018-12-26 20:54:13 - The pcap file or folder does not exist! -> enx0c5b8f279a64
2018-12-26 20:56:19 - Please select pcap!
2019-01-02 21:51:30 - Pcap is listening...
2019-01-02 21:53:23 - Pcap stop listening
2019-01-02 21:53:23 - path:/home/adityauj/CICFlowMeter-4.0/bin/data/daily/2019-01-02_Flow.csv
2019-01-02 21:53:28 - Pcap is listening...
2019-01-02 22:04:20 - Please select pcap!
2019-01-02 22:04:41 - Please select pcap!
2019-01-02 22:04:43 - Please select pcap!
2019-02-15 20:37:21 - Pcap is listening...
2019-02-15 20:37:41 - Pcap stop listening
2019-02-15 20:37:41 - path:/home/adityauj/CICFlowMeter-4.0/bin/data/daily/2019-02-15_Flow.csv
2019-02-15 20:37:44 - Pcap is listening...
2019-02-15 20:37:53 - Pcap stop listening
2019-02-15 20:37:53 - path:/home/adityauj/CICFlowMeter-4.0/bin/data/daily/2019-02-15_Flow.csv
2019-02-15 20:38:04 - Pcap is listening...
2019-02-15 20:38:20 - Pcap stop listening
2019-02-15 20:38:20 - path:/home/adityauj/CICFlowMeter-4.0/bin/data/daily/2019-02-15_Flow.csv
2019-02-15 20:38:25 - Pcap is listening...
2019-02-15 20:38:48 - Pcap stop listening
2019-02-15 20:38:48 - path:/home/adityauj/CICFlowMeter-4.0/bin/data/daily/2019-02-15_Flow.csv
2019-02-15 20:40:08 - Pcap is listening...
2019-02-15 21:11:11 - Pcap is listening...
2019-02-15 21:11:21 - Pcap stop listening
2019-02-15 21:11:21 - path:/home/adityauj/module/bin/data/daily/2019-02-15_Flow.csv
2019-02-15 22:07:40 - Pcap is listening...
2019-02-15 22:09:55 - Pcap stop listening
2019-02-15 22:09:55 - path:/home/adityauj/module/bin/data/daily/2019-02-15_Flow.csv
2019-02-15 22:15:12 - Pcap is listening...
2019-02-15 22:18:23 - Pcap stop listening
2019-02-15 22:18:23 - path:/home/adityauj/module/bin/data/daily/2019-02-15_Flow.csv
2019-02-16 00:21:37 - Pcap is listening...
2019-02-16 00:27:17 - Pcap stop listening
2019-02-16 00:27:17 - path:/home/adityauj/module/bin/data/daily/2019-02-16_Flow.csv
2019-02-16 00:27:20 - Pcap is listening...
2019-02-16 00:27:51 - Pcap stop listening
2019-02-16 00:27:51 - path:/home/adityauj/module/bin/data/daily/2019-02-16_Flow.csv
2019-02-16 00:30:05 - Pcap is listening...
2019-02-16 00:32:22 - Pcap stop listening
2019-02-16 00:32:22 - path:/home/adityauj/module/bin/data/daily/2019-02-16_Flow.csv
2019-02-16 09:03:33 - open enp2s0 fail -> enp2s0: You don't have permission to capture on that device (socket: Operation not permitted)
2019-02-16 09:03:51 - Pcap is listening...
2019-02-16 09:05:07 - Pcap stop listening
2019-02-16 09:05:07 - path:/home/adityauj/module/bin/data/daily/2019-02-16_Flow.csv
2019-02-16 09:06:16 - Pcap is listening...
2019-02-16 11:35:37 - Pcap is listening...
2019-02-20 13:40:54 - Pcap is listening...
2019-02-20 13:42:41 - Pcap stop listening
2019-02-20 13:42:41 - path:/home/adityauj/module/bin/data/daily/2019-02-20_Flow.csv
2019-02-20 13:42:43 - Pcap is listening...
2019-02-20 13:49:40 - Pcap stop listening
2019-02-20 13:49:40 - path:/home/adityauj/module/bin/data/daily/2019-02-20_Flow.csv
2019-02-20 14:27:10 - Pcap is listening...
2019-02-20 14:30:14 - Pcap stop listening
2019-02-20 14:30:14 - path:/home/adityauj/module/bin/data/daily/2019-02-20_Flow.csv
2019-02-20 14:31:00 - Pcap is listening...
2019-02-26 18:58:03 - Pcap is listening...
2019-02-26 18:58:38 - Pcap stop listening
2019-02-26 18:58:38 - path:/home/adityauj/module/bin/data/daily/2019-02-26_Flow.csv
2019-02-26 18:58:44 - Pcap is listening...
2019-02-26 19:03:25 - Pcap is listening...
2019-02-26 19:06:18 - Pcap is listening...
2019-02-26 19:07:43 - Pcap stop listening
2019-02-26 19:07:43 - path:/home/adityauj/module/bin/data/daily/2019-02-26_Flow.csv
